<?xml version="1.0" encoding="UTF-8"?>
<!-- Generated by org.testng.reporters.JUnitReportReporter -->
<testsuite hostname="Hp" failures="0" tests="3" name="task.Tech" time="111.478" errors="0" timestamp="2024-03-23T20:20:51 IST" skipped="0">
  <testcase classname="task.Tech" name="TestApp" time="36.815"/>
  <testcase classname="task.Tech" name="FindCountry" time="36.073"/>
  <testcase classname="task.Tech" name="oddRow" time="38.590"/>
</testsuite> <!-- task.Tech -->
